# JRE version: Java(TM) SE Runtime Environment (8.0-b115) (build 1.8.0-ea-b115)
# Java VM: Java HotSpot(TM) Client VM (25.0-b57 mixed mode windows-x86 )
Heap:
 def new generation   total 22720K, used 16449K [0x04000000, 0x058a0000, 0x09550000)
  eden space 20224K,  69% used [0x04000000, 0x04dc7480, 0x053c0000)
  from space 2496K,  93% used [0x05630000, 0x05879270, 0x058a0000)
  to   space 2496K,   0% used [0x053c0000, 0x053c0000, 0x05630000)
 tenured generation   total 50396K, used 33516K [0x09550000, 0x0c687000, 0x14000000)
   the space 50396K,  66% used [0x09550000, 0x0b60b328, 0x0b60b400, 0x0c687000)
 Metaspace       used 5626K, capacity 5648K, committed 5760K, reserved 6528K
GC Heap History (10 events):
Event: 2.036 GC heap before
{Heap before GC invocations=6 (full 1):
 def new generation   total 5632K, used 3584K [0x04000000, 0x04610000, 0x09550000)
  eden space 5056K,  69% used [0x04000000, 0x04373fe8, 0x044f0000)
  from space 576K,   8% used [0x044f0000, 0x044fc0f0, 0x04580000)
  to   space 576K,   0% used [0x04580000, 0x04580000, 0x04610000)
 tenured generation   total 20752K, used 15823K [0x09550000, 0x0a994000, 0x14000000)
   the space 20752K,  76% used [0x09550000, 0x0a4c3e10, 0x0a4c4000, 0x0a994000)
 Metaspace       used 5385K, capacity 5422K, committed 5504K, reserved 5504K
Event: 2.045 GC heap after
Heap after GC invocations=7 (full 1):
 def new generation   total 5632K, used 53K [0x04000000, 0x04610000, 0x09550000)
  eden space 5056K,   0% used [0x04000000, 0x04000000, 0x044f0000)
  from space 576K,   9% used [0x04580000, 0x0458d4d8, 0x04610000)
  to   space 576K,   0% used [0x044f0000, 0x044f0000, 0x04580000)
 tenured generation   total 20752K, used 17464K [0x09550000, 0x0a994000, 0x14000000)
   the space 20752K,  84% used [0x09550000, 0x0a65e0a0, 0x0a65e200, 0x0a994000)
 Metaspace       used 5385K, capacity 5422K, committed 5504K, reserved 5504K
}
Event: 2.090 GC heap before
{Heap before GC invocations=7 (full 1):
 def new generation   total 5632K, used 5109K [0x04000000, 0x04610000, 0x09550000)
  eden space 5056K, 100% used [0x04000000, 0x044f0000, 0x044f0000)
  from space 576K,   9% used [0x04580000, 0x0458d4d8, 0x04610000)
  to   space 576K,   0% used [0x044f0000, 0x044f0000, 0x04580000)
 tenured generation   total 20752K, used 17464K [0x09550000, 0x0a994000, 0x14000000)
   the space 20752K,  84% used [0x09550000, 0x0a65e0a0, 0x0a65e200, 0x0a994000)
 Metaspace       used 5385K, capacity 5422K, committed 5504K, reserved 5504K
Event: 2.142 GC heap after
Heap after GC invocations=8 (full 2):
 def new generation   total 15616K, used 54K [0x04000000, 0x050f0000, 0x09550000)
  eden space 13888K,   0% used [0x04000000, 0x0400d830, 0x04d90000)
  from space 1728K,   0% used [0x04d90000, 0x04d90000, 0x04f40000)
  to   space 1728K,   0% used [0x04f40000, 0x04f40000, 0x050f0000)
 tenured generation   total 34584K, used 20750K [0x09550000, 0x0b716000, 0x14000000)
   the space 34584K,  59% used [0x09550000, 0x0a993990, 0x0a993a00, 0x0b716000)
 Metaspace       used 5385K, capacity 5422K, committed 5504K, reserved 5504K
}
Event: 3.368 GC heap before
{Heap before GC invocations=8 (full 2):
 def new generation   total 15616K, used 12977K [0x04000000, 0x050f0000, 0x09550000)
  eden space 13888K,  93% used [0x04000000, 0x04cac5b0, 0x04d90000)
  from space 1728K,   0% used [0x04d90000, 0x04d90000, 0x04f40000)
  to   space 1728K,   0% used [0x04f40000, 0x04f40000, 0x050f0000)
 tenured generation   total 34584K, used 20750K [0x09550000, 0x0b716000, 0x14000000)
   the space 34584K,  59% used [0x09550000, 0x0a993990, 0x0a993a00, 0x0b716000)
 Metaspace       used 5492K, capacity 5518K, committed 5632K, reserved 6528K
Event: 3.387 GC heap after
Heap after GC invocations=9 (full 2):
 def new generation   total 15616K, used 813K [0x04000000, 0x050f0000, 0x09550000)
  eden space 13888K,   0% used [0x04000000, 0x04000000, 0x04d90000)
  from space 1728K,  47% used [0x04f40000, 0x0500b758, 0x050f0000)
  to   space 1728K,   0% used [0x04d90000, 0x04d90000, 0x04f40000)
 tenured generation   total 34584K, used 29187K [0x09550000, 0x0b716000, 0x14000000)
   the space 34584K,  84% used [0x09550000, 0x0b1d0fa0, 0x0b1d1000, 0x0b716000)
 Metaspace       used 5492K, capacity 5518K, committed 5632K, reserved 6528K
}
Event: 3.615 GC heap before
{Heap before GC invocations=9 (full 2):
 def new generation   total 15616K, used 14696K [0x04000000, 0x050f0000, 0x09550000)
  eden space 13888K,  99% used [0x04000000, 0x04d8ebb0, 0x04d90000)
  from space 1728K,  47% used [0x04f40000, 0x0500b758, 0x050f0000)
  to   space 1728K,   0% used [0x04d90000, 0x04d90000, 0x04f40000)
 tenured generation   total 34584K, used 29187K [0x09550000, 0x0b716000, 0x14000000)
   the space 34584K,  84% used [0x09550000, 0x0b1d0fa0, 0x0b1d1000, 0x0b716000)
 Metaspace       used 5495K, capacity 5518K, committed 5632K, reserved 6528K
Event: 3.662 GC heap after
Heap after GC invocations=10 (full 3):
 def new generation   total 22720K, used 0K [0x04000000, 0x058a0000, 0x09550000)
  eden space 20224K,   0% used [0x04000000, 0x04000000, 0x053c0000)
  from space 2496K,   0% used [0x053c0000, 0x053c0000, 0x05630000)
  to   space 2496K,   0% used [0x05630000, 0x05630000, 0x058a0000)
 tenured generation   total 50396K, used 30235K [0x09550000, 0x0c687000, 0x14000000)
   the space 50396K,  59% used [0x09550000, 0x0b2d6e18, 0x0b2d7000, 0x0c687000)
 Metaspace       used 5495K, capacity 5518K, committed 5632K, reserved 6528K
}
Event: 4.056 GC heap before
{Heap before GC invocations=10 (full 3):
 def new generation   total 22720K, used 18742K [0x04000000, 0x058a0000, 0x09550000)
  eden space 20224K,  92% used [0x04000000, 0x0524db38, 0x053c0000)
  from space 2496K,   0% used [0x053c0000, 0x053c0000, 0x05630000)
  to   space 2496K,   0% used [0x05630000, 0x05630000, 0x058a0000)
 tenured generation   total 50396K, used 30235K [0x09550000, 0x0c687000, 0x14000000)
   the space 50396K,  59% used [0x09550000, 0x0b2d6e18, 0x0b2d7000, 0x0c687000)
 Metaspace       used 5519K, capacity 5550K, committed 5632K, reserved 6528K
Event: 4.069 GC heap after
Heap after GC invocations=11 (full 3):
 def new generation   total 22720K, used 2340K [0x04000000, 0x058a0000, 0x09550000)
  eden space 20224K,   0% used [0x04000000, 0x04000000, 0x053c0000)
  from space 2496K,  93% used [0x05630000, 0x05879270, 0x058a0000)
  to   space 2496K,   0% used [0x053c0000, 0x053c0000, 0x05630000)
 tenured generation   total 50396K, used 33516K [0x09550000, 0x0c687000, 0x14000000)
   the space 50396K,  66% used [0x09550000, 0x0b60b328, 0x0b60b400, 0x0c687000)
 Metaspace       used 5519K, capacity 5550K, committed 5632K, reserved 6528K
}

